{"/home/kalo22/coding/jsramverk/backend/app.js": {"path":"/home/kalo22/coding/jsramverk/backend/app.js","statementMap":{"0":{"start":{"line":2,"column":0},"end":{"line":2,"column":27}},"1":{"start":{"line":4,"column":16},"end":{"line":4,"column":34}},"2":{"start":{"line":5,"column":13},"end":{"line":5,"column":28}},"3":{"start":{"line":6,"column":19},"end":{"line":6,"column":41}},"4":{"start":{"line":8,"column":16},"end":{"line":8,"column":43}},"5":{"start":{"line":9,"column":16},"end":{"line":9,"column":43}},"6":{"start":{"line":10,"column":14},"end":{"line":10,"column":39}},"7":{"start":{"line":12,"column":12},"end":{"line":12,"column":21}},"8":{"start":{"line":14,"column":0},"end":{"line":14,"column":16}},"9":{"start":{"line":15,"column":0},"end":{"line":15,"column":25}},"10":{"start":{"line":17,"column":0},"end":{"line":17,"column":28}},"11":{"start":{"line":19,"column":0},"end":{"line":19,"column":27}},"12":{"start":{"line":20,"column":0},"end":{"line":20,"column":51}},"13":{"start":{"line":22,"column":0},"end":{"line":26,"column":3}},"14":{"start":{"line":23,"column":4},"end":{"line":25,"column":7}},"15":{"start":{"line":28,"column":0},"end":{"line":28,"column":29}},"16":{"start":{"line":29,"column":0},"end":{"line":29,"column":29}},"17":{"start":{"line":30,"column":0},"end":{"line":30,"column":25}},"18":{"start":{"line":32,"column":0},"end":{"line":36,"column":3}},"19":{"start":{"line":33,"column":18},"end":{"line":33,"column":61}},"20":{"start":{"line":34,"column":4},"end":{"line":34,"column":23}},"21":{"start":{"line":35,"column":4},"end":{"line":35,"column":16}},"22":{"start":{"line":39,"column":0},"end":{"line":47,"column":3}},"23":{"start":{"line":40,"column":23},"end":{"line":40,"column":42}},"24":{"start":{"line":41,"column":4},"end":{"line":41,"column":27}},"25":{"start":{"line":42,"column":4},"end":{"line":46,"column":7}},"26":{"start":{"line":49,"column":0},"end":{"line":49,"column":21}}},"fnMap":{"0":{"name":"(anonymous_0)","decl":{"start":{"line":22,"column":13},"end":{"line":22,"column":14}},"loc":{"start":{"line":22,"column":27},"end":{"line":26,"column":1}},"line":22},"1":{"name":"(anonymous_1)","decl":{"start":{"line":32,"column":8},"end":{"line":32,"column":9}},"loc":{"start":{"line":32,"column":28},"end":{"line":36,"column":1}},"line":32},"2":{"name":"(anonymous_2)","decl":{"start":{"line":39,"column":8},"end":{"line":39,"column":9}},"loc":{"start":{"line":39,"column":35},"end":{"line":47,"column":1}},"line":39}},"branchMap":{"0":{"loc":{"start":{"line":40,"column":23},"end":{"line":40,"column":42}},"type":"binary-expr","locations":[{"start":{"line":40,"column":23},"end":{"line":40,"column":35}},{"start":{"line":40,"column":39},"end":{"line":40,"column":42}}],"line":40},"1":{"loc":{"start":{"line":45,"column":15},"end":{"line":45,"column":73}},"type":"cond-expr","locations":[{"start":{"line":45,"column":55},"end":{"line":45,"column":59}},{"start":{"line":45,"column":62},"end":{"line":45,"column":73}}],"line":45}},"s":{"0":3,"1":3,"2":3,"3":3,"4":3,"5":3,"6":3,"7":3,"8":3,"9":3,"10":3,"11":3,"12":3,"13":3,"14":0,"15":3,"16":3,"17":3,"18":3,"19":0,"20":0,"21":0,"22":3,"23":6,"24":6,"25":6,"26":3},"f":{"0":0,"1":0,"2":6},"b":{"0":[6,6],"1":[0,6]},"_coverageSchema":"1a1c01bbd47fc00a2c39e90264f33305004495a9","hash":"f94940095d718933351db0ccae4f6ab1cce75955"}
,"/home/kalo22/coding/jsramverk/backend/database.js": {"path":"/home/kalo22/coding/jsramverk/backend/database.js","statementMap":{"0":{"start":{"line":2,"column":14},"end":{"line":2,"column":44}},"1":{"start":{"line":6,"column":17},"end":{"line":47,"column":1}},"2":{"start":{"line":8,"column":18},"end":{"line":8,"column":150}},"3":{"start":{"line":10,"column":8},"end":{"line":21,"column":9}},"4":{"start":{"line":12,"column":38},"end":{"line":12,"column":88}},"5":{"start":{"line":14,"column":12},"end":{"line":20,"column":13}},"6":{"start":{"line":15,"column":16},"end":{"line":15,"column":54}},"7":{"start":{"line":16,"column":16},"end":{"line":16,"column":42}},"8":{"start":{"line":17,"column":16},"end":{"line":17,"column":49}},"9":{"start":{"line":19,"column":16},"end":{"line":19,"column":49}},"10":{"start":{"line":23,"column":8},"end":{"line":25,"column":9}},"11":{"start":{"line":24,"column":12},"end":{"line":24,"column":61}},"12":{"start":{"line":27,"column":8},"end":{"line":39,"column":9}},"13":{"start":{"line":28,"column":27},"end":{"line":28,"column":51}},"14":{"start":{"line":29,"column":23},"end":{"line":29,"column":34}},"15":{"start":{"line":30,"column":31},"end":{"line":30,"column":60}},"16":{"start":{"line":32,"column":12},"end":{"line":35,"column":14}},"17":{"start":{"line":37,"column":12},"end":{"line":37,"column":67}},"18":{"start":{"line":38,"column":12},"end":{"line":38,"column":24}},"19":{"start":{"line":43,"column":8},"end":{"line":45,"column":9}},"20":{"start":{"line":44,"column":12},"end":{"line":44,"column":37}},"21":{"start":{"line":49,"column":0},"end":{"line":49,"column":26}}},"fnMap":{"0":{"name":"(anonymous_0)","decl":{"start":{"line":7,"column":12},"end":{"line":7,"column":13}},"loc":{"start":{"line":7,"column":38},"end":{"line":40,"column":5}},"line":7},"1":{"name":"(anonymous_1)","decl":{"start":{"line":42,"column":13},"end":{"line":42,"column":14}},"loc":{"start":{"line":42,"column":25},"end":{"line":46,"column":5}},"line":42}},"branchMap":{"0":{"loc":{"start":{"line":10,"column":8},"end":{"line":21,"column":9}},"type":"if","locations":[{"start":{"line":10,"column":8},"end":{"line":21,"column":9}},{"start":{},"end":{}}],"line":10},"1":{"loc":{"start":{"line":14,"column":12},"end":{"line":20,"column":13}},"type":"if","locations":[{"start":{"line":14,"column":12},"end":{"line":20,"column":13}},{"start":{"line":18,"column":19},"end":{"line":20,"column":13}}],"line":14},"2":{"loc":{"start":{"line":23,"column":8},"end":{"line":25,"column":9}},"type":"if","locations":[{"start":{"line":23,"column":8},"end":{"line":25,"column":9}},{"start":{},"end":{}}],"line":23},"3":{"loc":{"start":{"line":43,"column":8},"end":{"line":45,"column":9}},"type":"if","locations":[{"start":{"line":43,"column":8},"end":{"line":45,"column":9}},{"start":{},"end":{}}],"line":43}},"s":{"0":3,"1":3,"2":4,"3":4,"4":4,"5":4,"6":1,"7":1,"8":0,"9":3,"10":0,"11":0,"12":0,"13":0,"14":0,"15":0,"16":0,"17":0,"18":0,"19":1,"20":1,"21":3},"f":{"0":4,"1":1},"b":{"0":[4,0],"1":[1,3],"2":[0,0],"3":[1,0]},"_coverageSchema":"1a1c01bbd47fc00a2c39e90264f33305004495a9","hash":"ba90d516149e9c86f936c430865e6849bac4ef91"}
,"/home/kalo22/coding/jsramverk/backend/server.js": {"path":"/home/kalo22/coding/jsramverk/backend/server.js","statementMap":{"0":{"start":{"line":1,"column":13},"end":{"line":1,"column":28}},"1":{"start":{"line":2,"column":12},"end":{"line":2,"column":28}},"2":{"start":{"line":3,"column":32},"end":{"line":3,"column":58}},"3":{"start":{"line":5,"column":19},"end":{"line":5,"column":41}},"4":{"start":{"line":8,"column":11},"end":{"line":13,"column":2}},"5":{"start":{"line":15,"column":13},"end":{"line":15,"column":37}},"6":{"start":{"line":17,"column":0},"end":{"line":19,"column":3}},"7":{"start":{"line":18,"column":4},"end":{"line":18,"column":53}},"8":{"start":{"line":21,"column":0},"end":{"line":21,"column":24}}},"fnMap":{"0":{"name":"(anonymous_0)","decl":{"start":{"line":17,"column":24},"end":{"line":17,"column":25}},"loc":{"start":{"line":17,"column":30},"end":{"line":19,"column":1}},"line":17}},"branchMap":{"0":{"loc":{"start":{"line":15,"column":13},"end":{"line":15,"column":37}},"type":"binary-expr","locations":[{"start":{"line":15,"column":13},"end":{"line":15,"column":29}},{"start":{"line":15,"column":33},"end":{"line":15,"column":37}}],"line":15}},"s":{"0":0,"1":0,"2":0,"3":0,"4":0,"5":0,"6":0,"7":0,"8":0},"f":{"0":0},"b":{"0":[0,0]}}
,"/home/kalo22/coding/jsramverk/backend/models/codes.js": {"path":"/home/kalo22/coding/jsramverk/backend/models/codes.js","statementMap":{"0":{"start":{"line":2,"column":14},"end":{"line":2,"column":35}},"1":{"start":{"line":4,"column":14},"end":{"line":32,"column":1}},"2":{"start":{"line":6,"column":22},"end":{"line":14,"column":23}},"3":{"start":{"line":16,"column":8},"end":{"line":30,"column":9}},"4":{"start":{"line":17,"column":29},"end":{"line":21,"column":14}},"5":{"start":{"line":23,"column":27},"end":{"line":23,"column":48}},"6":{"start":{"line":25,"column":12},"end":{"line":27,"column":15}},"7":{"start":{"line":29,"column":12},"end":{"line":29,"column":24}},"8":{"start":{"line":34,"column":0},"end":{"line":34,"column":23}}},"fnMap":{"0":{"name":"(anonymous_0)","decl":{"start":{"line":5,"column":14},"end":{"line":5,"column":15}},"loc":{"start":{"line":5,"column":40},"end":{"line":31,"column":5}},"line":5}},"branchMap":{},"s":{"0":3,"1":3,"2":2,"3":2,"4":2,"5":1,"6":1,"7":1,"8":3},"f":{"0":2},"b":{},"_coverageSchema":"1a1c01bbd47fc00a2c39e90264f33305004495a9","hash":"e931df076cfe43e6049e8ad77cf1fee7f8e65156"}
,"/home/kalo22/coding/jsramverk/backend/models/delayed.js": {"path":"/home/kalo22/coding/jsramverk/backend/models/delayed.js","statementMap":{"0":{"start":{"line":2,"column":14},"end":{"line":2,"column":35}},"1":{"start":{"line":4,"column":16},"end":{"line":50,"column":1}},"2":{"start":{"line":6,"column":22},"end":{"line":32,"column":23}},"3":{"start":{"line":34,"column":8},"end":{"line":48,"column":9}},"4":{"start":{"line":35,"column":29},"end":{"line":39,"column":14}},"5":{"start":{"line":41,"column":27},"end":{"line":41,"column":48}},"6":{"start":{"line":43,"column":12},"end":{"line":45,"column":15}},"7":{"start":{"line":47,"column":12},"end":{"line":47,"column":24}},"8":{"start":{"line":52,"column":0},"end":{"line":52,"column":25}}},"fnMap":{"0":{"name":"(anonymous_0)","decl":{"start":{"line":5,"column":22},"end":{"line":5,"column":23}},"loc":{"start":{"line":5,"column":48},"end":{"line":49,"column":5}},"line":5}},"branchMap":{},"s":{"0":3,"1":3,"2":2,"3":2,"4":2,"5":1,"6":1,"7":1,"8":3},"f":{"0":2},"b":{},"_coverageSchema":"1a1c01bbd47fc00a2c39e90264f33305004495a9","hash":"9f95088a642d99994c15f114ea293d11656d2e43"}
,"/home/kalo22/coding/jsramverk/backend/models/tickets.js": {"path":"/home/kalo22/coding/jsramverk/backend/models/tickets.js","statementMap":{"0":{"start":{"line":2,"column":17},"end":{"line":2,"column":39}},"1":{"start":{"line":4,"column":23},"end":{"line":4,"column":32}},"2":{"start":{"line":6,"column":16},"end":{"line":48,"column":1}},"3":{"start":{"line":9,"column":8},"end":{"line":20,"column":9}},"4":{"start":{"line":10,"column":23},"end":{"line":10,"column":60}},"5":{"start":{"line":11,"column":31},"end":{"line":11,"column":69}},"6":{"start":{"line":13,"column":12},"end":{"line":13,"column":36}},"7":{"start":{"line":15,"column":12},"end":{"line":17,"column":15}},"8":{"start":{"line":19,"column":12},"end":{"line":19,"column":24}},"9":{"start":{"line":25,"column":8},"end":{"line":46,"column":9}},"10":{"start":{"line":26,"column":23},"end":{"line":26,"column":60}},"11":{"start":{"line":28,"column":27},"end":{"line":32,"column":14}},"12":{"start":{"line":34,"column":12},"end":{"line":34,"column":36}},"13":{"start":{"line":36,"column":12},"end":{"line":43,"column":15}},"14":{"start":{"line":45,"column":12},"end":{"line":45,"column":24}},"15":{"start":{"line":50,"column":0},"end":{"line":50,"column":25}}},"fnMap":{"0":{"name":"(anonymous_0)","decl":{"start":{"line":8,"column":16},"end":{"line":8,"column":17}},"loc":{"start":{"line":8,"column":42},"end":{"line":21,"column":5}},"line":8},"1":{"name":"(anonymous_1)","decl":{"start":{"line":24,"column":18},"end":{"line":24,"column":19}},"loc":{"start":{"line":24,"column":44},"end":{"line":47,"column":5}},"line":24}},"branchMap":{},"s":{"0":3,"1":3,"2":3,"3":2,"4":2,"5":0,"6":0,"7":0,"8":2,"9":2,"10":2,"11":0,"12":0,"13":0,"14":2,"15":3},"f":{"0":2,"1":2},"b":{},"_coverageSchema":"1a1c01bbd47fc00a2c39e90264f33305004495a9","hash":"6c9486f7ef466eb54fc0f435ecce95b3e39953e1"}
,"/home/kalo22/coding/jsramverk/backend/models/trains.js": {"path":"/home/kalo22/coding/jsramverk/backend/models/trains.js","statementMap":{"0":{"start":{"line":2,"column":14},"end":{"line":2,"column":35}},"1":{"start":{"line":3,"column":20},"end":{"line":3,"column":42}},"2":{"start":{"line":6,"column":18},"end":{"line":9,"column":19}},"3":{"start":{"line":11,"column":21},"end":{"line":15,"column":6}},"4":{"start":{"line":17,"column":19},"end":{"line":17,"column":40}},"5":{"start":{"line":18,"column":4},"end":{"line":18,"column":49}},"6":{"start":{"line":22,"column":24},"end":{"line":22,"column":43}},"7":{"start":{"line":24,"column":21},"end":{"line":27,"column":18}},"8":{"start":{"line":26,"column":21},"end":{"line":26,"column":34}},"9":{"start":{"line":29,"column":4},"end":{"line":36,"column":6}},"10":{"start":{"line":40,"column":27},"end":{"line":40,"column":29}},"11":{"start":{"line":41,"column":4},"end":{"line":66,"column":7}},"12":{"start":{"line":42,"column":8},"end":{"line":42,"column":40}},"13":{"start":{"line":45,"column":4},"end":{"line":65,"column":10}},"14":{"start":{"line":46,"column":12},"end":{"line":64,"column":13}},"15":{"start":{"line":47,"column":35},"end":{"line":47,"column":57}},"16":{"start":{"line":49,"column":16},"end":{"line":61,"column":17}},"17":{"start":{"line":50,"column":44},"end":{"line":50,"column":90}},"18":{"start":{"line":51,"column":40},"end":{"line":51,"column":71}},"19":{"start":{"line":53,"column":20},"end":{"line":58,"column":21}},"20":{"start":{"line":57,"column":24},"end":{"line":57,"column":60}},"21":{"start":{"line":60,"column":20},"end":{"line":60,"column":94}},"22":{"start":{"line":63,"column":16},"end":{"line":63,"column":35}},"23":{"start":{"line":69,"column":24},"end":{"line":69,"column":47}},"24":{"start":{"line":70,"column":4},"end":{"line":72,"column":6}},"25":{"start":{"line":71,"column":8},"end":{"line":71,"column":52}},"26":{"start":{"line":74,"column":4},"end":{"line":76,"column":6}},"27":{"start":{"line":75,"column":8},"end":{"line":75,"column":45}},"28":{"start":{"line":78,"column":4},"end":{"line":78,"column":23}},"29":{"start":{"line":82,"column":19},"end":{"line":82,"column":36}},"30":{"start":{"line":83,"column":24},"end":{"line":83,"column":48}},"31":{"start":{"line":84,"column":4},"end":{"line":84,"column":29}},"32":{"start":{"line":87,"column":0},"end":{"line":93,"column":2}}},"fnMap":{"0":{"name":"getSseurl","decl":{"start":{"line":5,"column":15},"end":{"line":5,"column":24}},"loc":{"start":{"line":5,"column":27},"end":{"line":19,"column":1}},"line":5},"1":{"name":"getTrainObject","decl":{"start":{"line":21,"column":9},"end":{"line":21,"column":23}},"loc":{"start":{"line":21,"column":41},"end":{"line":37,"column":1}},"line":21},"2":{"name":"(anonymous_2)","decl":{"start":{"line":26,"column":14},"end":{"line":26,"column":15}},"loc":{"start":{"line":26,"column":21},"end":{"line":26,"column":34}},"line":26},"3":{"name":"setupIo","decl":{"start":{"line":39,"column":9},"end":{"line":39,"column":16}},"loc":{"start":{"line":39,"column":34},"end":{"line":67,"column":1}},"line":39},"4":{"name":"(anonymous_4)","decl":{"start":{"line":41,"column":24},"end":{"line":41,"column":25}},"loc":{"start":{"line":41,"column":36},"end":{"line":66,"column":5}},"line":41},"5":{"name":"(anonymous_5)","decl":{"start":{"line":45,"column":28},"end":{"line":45,"column":29}},"loc":{"start":{"line":45,"column":39},"end":{"line":65,"column":9}},"line":45},"6":{"name":"setupEventSource","decl":{"start":{"line":68,"column":9},"end":{"line":68,"column":25}},"loc":{"start":{"line":68,"column":34},"end":{"line":79,"column":1}},"line":68},"7":{"name":"(anonymous_7)","decl":{"start":{"line":70,"column":25},"end":{"line":70,"column":26}},"loc":{"start":{"line":70,"column":31},"end":{"line":72,"column":5}},"line":70},"8":{"name":"(anonymous_8)","decl":{"start":{"line":74,"column":26},"end":{"line":74,"column":27}},"loc":{"start":{"line":74,"column":32},"end":{"line":76,"column":5}},"line":74},"9":{"name":"fetchTrainPositions","decl":{"start":{"line":81,"column":15},"end":{"line":81,"column":34}},"loc":{"start":{"line":81,"column":39},"end":{"line":85,"column":1}},"line":81}},"branchMap":{"0":{"loc":{"start":{"line":49,"column":16},"end":{"line":61,"column":17}},"type":"if","locations":[{"start":{"line":49,"column":16},"end":{"line":61,"column":17}},{"start":{},"end":{}}],"line":49},"1":{"loc":{"start":{"line":53,"column":20},"end":{"line":58,"column":21}},"type":"if","locations":[{"start":{"line":53,"column":20},"end":{"line":58,"column":21}},{"start":{},"end":{}}],"line":53}},"s":{"0":1,"1":1,"2":1,"3":1,"4":1,"5":1,"6":3,"7":3,"8":6,"9":3,"10":2,"11":2,"12":2,"13":2,"14":3,"15":3,"16":2,"17":2,"18":2,"19":2,"20":1,"21":2,"22":1,"23":2,"24":2,"25":1,"26":2,"27":1,"28":2,"29":0,"30":0,"31":0,"32":1},"f":{"0":1,"1":3,"2":6,"3":2,"4":2,"5":3,"6":2,"7":1,"8":1,"9":0},"b":{"0":[2,0],"1":[1,1]},"_coverageSchema":"1a1c01bbd47fc00a2c39e90264f33305004495a9","hash":"fcc6fad28d1e3ef5fce4123cc6d94396f283d90c"}
,"/home/kalo22/coding/jsramverk/backend/models/utils.js": {"path":"/home/kalo22/coding/jsramverk/backend/models/utils.js","statementMap":{"0":{"start":{"line":1,"column":17},"end":{"line":1,"column":39}},"1":{"start":{"line":3,"column":15},"end":{"line":19,"column":1}},"2":{"start":{"line":8,"column":8},"end":{"line":17,"column":9}},"3":{"start":{"line":9,"column":12},"end":{"line":9,"column":47}},"4":{"start":{"line":11,"column":12},"end":{"line":14,"column":14}},"5":{"start":{"line":16,"column":12},"end":{"line":16,"column":29}},"6":{"start":{"line":21,"column":0},"end":{"line":21,"column":24}}},"fnMap":{"0":{"name":"(anonymous_0)","decl":{"start":{"line":5,"column":27},"end":{"line":5,"column":28}},"loc":{"start":{"line":5,"column":39},"end":{"line":18,"column":5}},"line":5}},"branchMap":{},"s":{"0":0,"1":0,"2":0,"3":0,"4":0,"5":0,"6":0},"f":{"0":0},"b":{}}
,"/home/kalo22/coding/jsramverk/backend/routes/codes.js": {"path":"/home/kalo22/coding/jsramverk/backend/routes/codes.js","statementMap":{"0":{"start":{"line":2,"column":16},"end":{"line":2,"column":34}},"1":{"start":{"line":4,"column":15},"end":{"line":4,"column":31}},"2":{"start":{"line":6,"column":14},"end":{"line":6,"column":40}},"3":{"start":{"line":8,"column":0},"end":{"line":8,"column":68}},"4":{"start":{"line":8,"column":36},"end":{"line":8,"column":66}},"5":{"start":{"line":10,"column":0},"end":{"line":10,"column":24}}},"fnMap":{"0":{"name":"(anonymous_0)","decl":{"start":{"line":8,"column":16},"end":{"line":8,"column":17}},"loc":{"start":{"line":8,"column":36},"end":{"line":8,"column":66}},"line":8}},"branchMap":{},"s":{"0":3,"1":3,"2":3,"3":3,"4":2,"5":3},"f":{"0":2},"b":{},"_coverageSchema":"1a1c01bbd47fc00a2c39e90264f33305004495a9","hash":"4e4972a0da73e71dd188b1fdcb059245ca41e663"}
,"/home/kalo22/coding/jsramverk/backend/routes/delayed.js": {"path":"/home/kalo22/coding/jsramverk/backend/routes/delayed.js","statementMap":{"0":{"start":{"line":1,"column":16},"end":{"line":1,"column":34}},"1":{"start":{"line":3,"column":15},"end":{"line":3,"column":31}},"2":{"start":{"line":5,"column":16},"end":{"line":5,"column":44}},"3":{"start":{"line":7,"column":0},"end":{"line":7,"column":78}},"4":{"start":{"line":7,"column":36},"end":{"line":7,"column":76}},"5":{"start":{"line":9,"column":0},"end":{"line":9,"column":24}}},"fnMap":{"0":{"name":"(anonymous_0)","decl":{"start":{"line":7,"column":16},"end":{"line":7,"column":17}},"loc":{"start":{"line":7,"column":36},"end":{"line":7,"column":76}},"line":7}},"branchMap":{},"s":{"0":3,"1":3,"2":3,"3":3,"4":2,"5":3},"f":{"0":2},"b":{},"_coverageSchema":"1a1c01bbd47fc00a2c39e90264f33305004495a9","hash":"99d9ae5468ea22028a202dba2a2cdfcaf7627510"}
,"/home/kalo22/coding/jsramverk/backend/routes/tickets.js": {"path":"/home/kalo22/coding/jsramverk/backend/routes/tickets.js","statementMap":{"0":{"start":{"line":2,"column":16},"end":{"line":2,"column":34}},"1":{"start":{"line":4,"column":15},"end":{"line":4,"column":31}},"2":{"start":{"line":6,"column":16},"end":{"line":6,"column":44}},"3":{"start":{"line":8,"column":0},"end":{"line":8,"column":72}},"4":{"start":{"line":8,"column":36},"end":{"line":8,"column":70}},"5":{"start":{"line":10,"column":0},"end":{"line":10,"column":75}},"6":{"start":{"line":10,"column":37},"end":{"line":10,"column":73}},"7":{"start":{"line":12,"column":0},"end":{"line":12,"column":24}}},"fnMap":{"0":{"name":"(anonymous_0)","decl":{"start":{"line":8,"column":16},"end":{"line":8,"column":17}},"loc":{"start":{"line":8,"column":36},"end":{"line":8,"column":70}},"line":8},"1":{"name":"(anonymous_1)","decl":{"start":{"line":10,"column":17},"end":{"line":10,"column":18}},"loc":{"start":{"line":10,"column":37},"end":{"line":10,"column":73}},"line":10}},"branchMap":{},"s":{"0":3,"1":3,"2":3,"3":3,"4":2,"5":3,"6":2,"7":3},"f":{"0":2,"1":2},"b":{},"_coverageSchema":"1a1c01bbd47fc00a2c39e90264f33305004495a9","hash":"c3207875bfe209f2d7efa6efbc55a96e6db0a101"}
}
