TN:
SF:app.js
FN:22,(anonymous_0)
FN:32,(anonymous_1)
FN:39,(anonymous_2)
FNF:3
FNH:1
FNDA:0,(anonymous_0)
FNDA:0,(anonymous_1)
FNDA:6,(anonymous_2)
DA:2,3
DA:4,3
DA:5,3
DA:6,3
DA:8,3
DA:9,3
DA:10,3
DA:12,3
DA:14,3
DA:15,3
DA:17,3
DA:19,3
DA:20,3
DA:22,3
DA:23,0
DA:28,3
DA:29,3
DA:30,3
DA:32,3
DA:33,0
DA:34,0
DA:35,0
DA:39,3
DA:40,6
DA:41,6
DA:42,6
DA:49,3
LF:27
LH:23
BRDA:40,0,0,6
BRDA:40,0,1,6
BRDA:45,1,0,0
BRDA:45,1,1,6
BRF:4
BRH:3
end_of_record
TN:
SF:database.js
FN:7,(anonymous_0)
FN:42,(anonymous_1)
FNF:2
FNH:2
FNDA:4,(anonymous_0)
FNDA:1,(anonymous_1)
DA:2,3
DA:6,3
DA:8,4
DA:10,4
DA:12,4
DA:14,4
DA:15,1
DA:16,1
DA:17,0
DA:19,3
DA:23,0
DA:24,0
DA:27,0
DA:28,0
DA:29,0
DA:30,0
DA:32,0
DA:37,0
DA:38,0
DA:43,1
DA:44,1
DA:49,3
LF:22
LH:12
BRDA:10,0,0,4
BRDA:10,0,1,0
BRDA:14,1,0,1
BRDA:14,1,1,3
BRDA:23,2,0,0
BRDA:23,2,1,0
BRDA:43,3,0,1
BRDA:43,3,1,0
BRF:8
BRH:4
end_of_record
TN:
SF:server.js
FN:17,(anonymous_0)
FNF:1
FNH:0
FNDA:0,(anonymous_0)
DA:1,0
DA:2,0
DA:3,0
DA:5,0
DA:8,0
DA:15,0
DA:17,0
DA:18,0
DA:21,0
LF:9
LH:0
BRDA:15,0,0,0
BRDA:15,0,1,0
BRF:2
BRH:0
end_of_record
TN:
SF:models/codes.js
FN:5,(anonymous_0)
FNF:1
FNH:1
FNDA:2,(anonymous_0)
DA:2,3
DA:4,3
DA:6,2
DA:16,2
DA:17,2
DA:23,1
DA:25,1
DA:29,1
DA:34,3
LF:9
LH:9
BRF:0
BRH:0
end_of_record
TN:
SF:models/delayed.js
FN:5,(anonymous_0)
FNF:1
FNH:1
FNDA:2,(anonymous_0)
DA:2,3
DA:4,3
DA:6,2
DA:34,2
DA:35,2
DA:41,1
DA:43,1
DA:47,1
DA:52,3
LF:9
LH:9
BRF:0
BRH:0
end_of_record
TN:
SF:models/tickets.js
FN:8,(anonymous_0)
FN:24,(anonymous_1)
FNF:2
FNH:2
FNDA:2,(anonymous_0)
FNDA:2,(anonymous_1)
DA:2,3
DA:4,3
DA:6,3
DA:9,2
DA:10,2
DA:11,0
DA:13,0
DA:15,0
DA:19,2
DA:25,2
DA:26,2
DA:28,0
DA:34,0
DA:36,0
DA:45,2
DA:50,3
LF:16
LH:10
BRF:0
BRH:0
end_of_record
TN:
SF:models/trains.js
FN:5,getSseurl
FN:21,getTrainObject
FN:26,(anonymous_2)
FN:39,setupIo
FN:41,(anonymous_4)
FN:45,(anonymous_5)
FN:68,setupEventSource
FN:70,(anonymous_7)
FN:74,(anonymous_8)
FN:81,fetchTrainPositions
FNF:10
FNH:9
FNDA:1,getSseurl
FNDA:3,getTrainObject
FNDA:6,(anonymous_2)
FNDA:2,setupIo
FNDA:2,(anonymous_4)
FNDA:3,(anonymous_5)
FNDA:2,setupEventSource
FNDA:1,(anonymous_7)
FNDA:1,(anonymous_8)
FNDA:0,fetchTrainPositions
DA:2,1
DA:3,1
DA:6,1
DA:11,1
DA:17,1
DA:18,1
DA:22,3
DA:24,3
DA:26,6
DA:29,3
DA:40,2
DA:41,2
DA:42,2
DA:45,2
DA:46,3
DA:47,3
DA:49,2
DA:50,2
DA:51,2
DA:53,2
DA:57,1
DA:60,2
DA:63,1
DA:69,2
DA:70,2
DA:71,1
DA:74,2
DA:75,1
DA:78,2
DA:82,0
DA:83,0
DA:84,0
DA:87,1
LF:33
LH:30
BRDA:49,0,0,2
BRDA:49,0,1,0
BRDA:53,1,0,1
BRDA:53,1,1,1
BRF:4
BRH:3
end_of_record
TN:
SF:models/utils.js
FN:5,(anonymous_0)
FNF:1
FNH:0
FNDA:0,(anonymous_0)
DA:1,0
DA:3,0
DA:8,0
DA:9,0
DA:11,0
DA:16,0
DA:21,0
LF:7
LH:0
BRF:0
BRH:0
end_of_record
TN:
SF:routes/codes.js
FN:8,(anonymous_0)
FNF:1
FNH:1
FNDA:2,(anonymous_0)
DA:2,3
DA:4,3
DA:6,3
DA:8,3
DA:10,3
LF:5
LH:5
BRF:0
BRH:0
end_of_record
TN:
SF:routes/delayed.js
FN:7,(anonymous_0)
FNF:1
FNH:1
FNDA:2,(anonymous_0)
DA:1,3
DA:3,3
DA:5,3
DA:7,3
DA:9,3
LF:5
LH:5
BRF:0
BRH:0
end_of_record
TN:
SF:routes/tickets.js
FN:8,(anonymous_0)
FN:10,(anonymous_1)
FNF:2
FNH:2
FNDA:2,(anonymous_0)
FNDA:2,(anonymous_1)
DA:2,3
DA:4,3
DA:6,3
DA:8,3
DA:10,3
DA:12,3
LF:6
LH:6
BRF:0
BRH:0
end_of_record
